# JRE version: OpenJDK Runtime Environment (21.0.9) (build 21.0.9+-14787801-b1163.94)
# Java VM: OpenJDK 64-Bit Server VM (21.0.9+-14787801-b1163.94, mixed mode, tiered, compressed oops, compressed class ptrs, g1 gc, windows-amd64)
GC Precious Log:
 CardTable entry size: 512
 Card Set container configuration: InlinePtr #cards 4 size 8 Array Of Cards #cards 16 size 48 Howl #buckets 8 coarsen threshold 3686 Howl Bitmap #cards 512 size 80 coarsen threshold 460 Card regions per heap region 1 cards per card region 4096
 CPUs: 16 total, 16 available
 Memory: 16087M
 Large Page Support: Disabled
 NUMA Support: Disabled
 Compressed Oops: Enabled (Zero based)
 Heap Region Size: 2M
 Heap Min Capacity: 8M
 Heap Initial Capacity: 252M
 Heap Max Capacity: 4022M
 Pre-touch: Disabled
 Parallel Workers: 13
 Concurrent Workers: 3
 Concurrent Refinement Workers: 13
 Periodic GC: Disabled
Heap:
 garbage-first heap   total 198656K, used 155926K [0x0000000704a00000, 0x0000000800000000)
  region size 2048K, 24 young (49152K), 4 survivors (8192K)
 Metaspace       used 65510K, committed 65856K, reserved 1114112K
  class space    used 7445K, committed 7616K, reserved 1048576K
GC Heap History (20 events):
Event: 0.848 GC heap before
{Heap before GC invocations=5 (full 0):
 garbage-first heap   total 45056K, used 31752K [0x0000000704a00000, 0x0000000800000000)
  region size 2048K, 8 young (16384K), 2 survivors (4096K)
 Metaspace       used 27777K, committed 28096K, reserved 1114112K
  class space    used 3033K, committed 3200K, reserved 1048576K
}
Event: 0.852 GC heap after
{Heap after GC invocations=6 (full 0):
 garbage-first heap   total 45056K, used 23989K [0x0000000704a00000, 0x0000000800000000)
  region size 2048K, 1 young (2048K), 1 survivors (2048K)
 Metaspace       used 27777K, committed 28096K, reserved 1114112K
  class space    used 3033K, committed 3200K, reserved 1048576K
}
Event: 0.971 GC heap before
{Heap before GC invocations=6 (full 0):
 garbage-first heap   total 45056K, used 34229K [0x0000000704a00000, 0x0000000800000000)
  region size 2048K, 6 young (12288K), 1 survivors (2048K)
 Metaspace       used 29213K, committed 29504K, reserved 1114112K
  class space    used 3186K, committed 3328K, reserved 1048576K
}
Event: 0.973 GC heap after
{Heap after GC invocations=7 (full 0):
 garbage-first heap   total 45056K, used 25919K [0x0000000704a00000, 0x0000000800000000)
  region size 2048K, 1 young (2048K), 1 survivors (2048K)
 Metaspace       used 29213K, committed 29504K, reserved 1114112K
  class space    used 3186K, committed 3328K, reserved 1048576K
}
Event: 1.026 GC heap before
{Heap before GC invocations=8 (full 0):
 garbage-first heap   total 45056K, used 34111K [0x0000000704a00000, 0x0000000800000000)
  region size 2048K, 6 young (12288K), 1 survivors (2048K)
 Metaspace       used 29913K, committed 30208K, reserved 1114112K
  class space    used 3274K, committed 3392K, reserved 1048576K
}
Event: 1.029 GC heap after
{Heap after GC invocations=9 (full 0):
 garbage-first heap   total 151552K, used 27221K [0x0000000704a00000, 0x0000000800000000)
  region size 2048K, 1 young (2048K), 1 survivors (2048K)
 Metaspace       used 29913K, committed 30208K, reserved 1114112K
  class space    used 3274K, committed 3392K, reserved 1048576K
}
Event: 1.706 GC heap before
{Heap before GC invocations=9 (full 0):
 garbage-first heap   total 151552K, used 107093K [0x0000000704a00000, 0x0000000800000000)
  region size 2048K, 41 young (83968K), 1 survivors (2048K)
 Metaspace       used 46070K, committed 46336K, reserved 1114112K
  class space    used 5408K, committed 5504K, reserved 1048576K
}
Event: 1.716 GC heap after
{Heap after GC invocations=10 (full 0):
 garbage-first heap   total 151552K, used 37879K [0x0000000704a00000, 0x0000000800000000)
  region size 2048K, 6 young (12288K), 6 survivors (12288K)
 Metaspace       used 46070K, committed 46336K, reserved 1114112K
  class space    used 5408K, committed 5504K, reserved 1048576K
}
Event: 1.871 GC heap before
{Heap before GC invocations=10 (full 0):
 garbage-first heap   total 151552K, used 56311K [0x0000000704a00000, 0x0000000800000000)
  region size 2048K, 16 young (32768K), 6 survivors (12288K)
 Metaspace       used 49000K, committed 49216K, reserved 1114112K
  class space    used 5727K, committed 5824K, reserved 1048576K
}
Event: 1.878 GC heap after
{Heap after GC invocations=11 (full 0):
 garbage-first heap   total 151552K, used 41818K [0x0000000704a00000, 0x0000000800000000)
  region size 2048K, 2 young (4096K), 2 survivors (4096K)
 Metaspace       used 49000K, committed 49216K, reserved 1114112K
  class space    used 5727K, committed 5824K, reserved 1048576K
}
Event: 2.306 GC heap before
{Heap before GC invocations=12 (full 0):
 garbage-first heap   total 143360K, used 113498K [0x0000000704a00000, 0x0000000800000000)
  region size 2048K, 37 young (75776K), 2 survivors (4096K)
 Metaspace       used 53636K, committed 53888K, reserved 1114112K
  class space    used 6178K, committed 6272K, reserved 1048576K
}
Event: 2.316 GC heap after
{Heap after GC invocations=13 (full 0):
 garbage-first heap   total 143360K, used 61019K [0x0000000704a00000, 0x0000000800000000)
  region size 2048K, 5 young (10240K), 5 survivors (10240K)
 Metaspace       used 53636K, committed 53888K, reserved 1114112K
  class space    used 6178K, committed 6272K, reserved 1048576K
}
Event: 2.567 GC heap before
{Heap before GC invocations=13 (full 0):
 garbage-first heap   total 143360K, used 112219K [0x0000000704a00000, 0x0000000800000000)
  region size 2048K, 30 young (61440K), 5 survivors (10240K)
 Metaspace       used 55460K, committed 55744K, reserved 1114112K
  class space    used 6372K, committed 6464K, reserved 1048576K
}
Event: 2.577 GC heap after
{Heap after GC invocations=14 (full 0):
 garbage-first heap   total 190464K, used 75018K [0x0000000704a00000, 0x0000000800000000)
  region size 2048K, 4 young (8192K), 4 survivors (8192K)
 Metaspace       used 55460K, committed 55744K, reserved 1114112K
  class space    used 6372K, committed 6464K, reserved 1048576K
}
Event: 2.813 GC heap before
{Heap before GC invocations=14 (full 0):
 garbage-first heap   total 190464K, used 146698K [0x0000000704a00000, 0x0000000800000000)
  region size 2048K, 39 young (79872K), 4 survivors (8192K)
 Metaspace       used 58615K, committed 58944K, reserved 1114112K
  class space    used 6721K, committed 6848K, reserved 1048576K
}
Event: 2.819 GC heap after
{Heap after GC invocations=15 (full 0):
 garbage-first heap   total 190464K, used 90404K [0x0000000704a00000, 0x0000000800000000)
  region size 2048K, 5 young (10240K), 5 survivors (10240K)
 Metaspace       used 58615K, committed 58944K, reserved 1114112K
  class space    used 6721K, committed 6848K, reserved 1048576K
}
Event: 2.887 GC heap before
{Heap before GC invocations=15 (full 0):
 garbage-first heap   total 190464K, used 151844K [0x0000000704a00000, 0x0000000800000000)
  region size 2048K, 35 young (71680K), 5 survivors (10240K)
 Metaspace       used 58618K, committed 58944K, reserved 1114112K
  class space    used 6721K, committed 6848K, reserved 1048576K
}
Event: 2.892 GC heap after
{Heap after GC invocations=16 (full 0):
 garbage-first heap   total 190464K, used 105949K [0x0000000704a00000, 0x0000000800000000)
  region size 2048K, 5 young (10240K), 5 survivors (10240K)
 Metaspace       used 58618K, committed 58944K, reserved 1114112K
  class space    used 6721K, committed 6848K, reserved 1048576K
}
Event: 3.492 GC heap before
{Heap before GC invocations=16 (full 0):
 garbage-first heap   total 190464K, used 157149K [0x0000000704a00000, 0x0000000800000000)
  region size 2048K, 30 young (61440K), 5 survivors (10240K)
 Metaspace       used 64427K, committed 64704K, reserved 1114112K
  class space    used 7338K, committed 7488K, reserved 1048576K
}
Event: 3.497 GC heap after
{Heap after GC invocations=17 (full 0):
 garbage-first heap   total 190464K, used 117014K [0x0000000704a00000, 0x0000000800000000)
  region size 2048K, 4 young (8192K), 4 survivors (8192K)
 Metaspace       used 64427K, committed 64704K, reserved 1114112K
  class space    used 7338K, committed 7488K, reserved 1048576K
}

